#
# A fatal error has been detected by the Java Runtime Environment:
#
#  SIGBUS (0x7) at pc=0x00007f18112a9740, pid=9158, tid=139741241698048
#
# JRE version: OpenJDK Runtime Environment (7.0_65-b32) (build 1.7.0_65-b32)
# Java VM: OpenJDK 64-Bit Server VM (24.65-b04 mixed mode linux-amd64 compressed oops)
# Problematic frame:
# 
[error occurred during error reporting (printing problematic frame), id 0x7]

# Failed to write core dump. Core dumps have been disabled. To enable core dumping, try "ulimit -c unlimited" before starting Java again
#
# If you would like to submit a bug report, please include
# instructions on how to reproduce the bug and visit:
#   http://icedtea.classpath.org/bugzilla
#

---------------  T H R E A D  ---------------

Current thread is native thread

siginfo:si_signo=SIGBUS: si_errno=0, si_code=2 (BUS_ADRERR), si_addr=0x00007f18112a9740

Registers:
RAX=0x0000000000000000, RBX=0x00007f180b125e70, RCX=0xffffffffffffffff, RDX=0x0000000000000000
RSP=0x00007f180b125e60, RBP=0x00007f1828275e90, RSI=0x00007f180b125e60, RDI=0x0000000000000000
R8 =0x00007f18282738d0, R9 =0x0000000000000001, R10=0x00007f18282761f4, R11=0x0000000000000000
R12=0x0000000000000000, R13=0x00007f18282761d0, R14=0x0000000000000008, R15=0x00007f180b125ec8
RIP=0x00007f18112a9740, EFLAGS=0x0000000000010217, CSGSFS=0x0000000000000033, ERR=0x0000000000000014
  TRAPNO=0x000000000000000e

Top of Stack: (sp=0x00007f180b125e60)
0x00007f180b125e60:   00007f1828275f10 00007f1810c091fe
0x00007f180b125e70:   0000000000000000 00000000000f4240
0x00007f180b125e80:   00007f18282761d0 0000000000001820
0x00007f180b125e90:   00007f1828275e90 00007f18112b55d3
0x00007f180b125ea0:   0000000000000000 00007f180b125ec0
0x00007f180b125eb0:   0000000000002000 0000000000006000
0x00007f180b125ec0:   00007f17b804f040 0000000000002000
0x00007f180b125ed0:   0000000000000000 00007f1828273be0
0x00007f180b125ee0:   0000000000000000 0000000000000000
0x00007f180b125ef0:   0000000000000000 00007f180b1269c0
0x00007f180b125f00:   00007f180b126700 00007f18112a873a
0x00007f180b125f10:   00007f180b126700 00007f182e231182
0x00007f180b125f20:   0000000000000000 00007f180b126700
0x00007f180b125f30:   00007f180b126700 13f7ffd527d536ef
0x00007f180b125f40:   0000000000000000 0000000000000000
0x00007f180b125f50:   00007f180b1269c0 00007f180b126700
0x00007f180b125f60:   edc7e9f1999536ef edc7a393054f36ef
0x00007f180b125f70:   0000000000000000 0000000000000000
0x00007f180b125f80:   0000000000000000 0000000000000000
0x00007f180b125f90:   0000000000000000 0000000000000000
0x00007f180b125fa0:   0000000000000000 0000000000000000
0x00007f180b125fb0:   00007f180b126700 00007f182e74638d
0x00007f180b125fc0:   0000000000000000 0000000000000000
0x00007f180b125fd0:   0000000000000000 0000000000000000
0x00007f180b125fe0:   0000000000000000 0000000000000000
0x00007f180b125ff0:   0000000000000000 0000000000000000
0x00007f180b126000:   0000000000000000 0000000000000000
0x00007f180b126010:   0000000000000000 0000000000000000
0x00007f180b126020:   0000000000000000 0000000000000000
0x00007f180b126030:   0000000000000000 0000000000000000
0x00007f180b126040:   0000000000000000 0000000000000000
0x00007f180b126050:   0000000000000000 0000000000000000 

Instructions: (pc=0x00007f18112a9740)
0x00007f18112a9720:   
[error occurred during error reporting (printing registers, top of stack, instructions near pc), id 0x7]

Register to memory mapping:

RAX=0x0000000000000000 is an unknown value
RBX=0x00007f180b125e70 is an unknown value
RCX=0xffffffffffffffff is an unknown value
RDX=0x0000000000000000 is an unknown value
RSP=0x00007f180b125e60 is an unknown value
RBP=0x00007f1828275e90 is an unknown value
RSI=0x00007f180b125e60 is an unknown value
RDI=0x0000000000000000 is an unknown value
R8 =0x00007f18282738d0 is an unknown value
R9 =0x0000000000000001 is an unknown value
R10=0x00007f18282761f4 is an unknown value
R11=0x0000000000000000 is an unknown value
R12=0x0000000000000000 is an unknown value
R13=0x00007f18282761d0 is an unknown value
R14=0x0000000000000008 is an unknown value
R15=0x00007f180b125ec8 is an unknown value


Stack: [0x00007f180b026000,0x00007f180b127000],  sp=0x00007f180b125e60,  free space=1023k
Native frames: (J=compiled Java code, j=interpreted, Vv=VM code, C=native code)

[error occurred during error reporting (printing native stack), id 0x7]


---------------  P R O C E S S  ---------------

VM state:not at safepoint (normal execution)

VM Mutex/Monitor currently owned by a thread: None

Heap
 PSYoungGen      total 75264K, used 22128K [0x00000007aca00000, 0x00000007b1d80000, 0x0000000800000000)
  eden space 65024K, 34% used [0x00000007aca00000,0x00000007adf9c078,0x00000007b0980000)
  from space 10240K, 0% used [0x00000007b1380000,0x00000007b1380000,0x00000007b1d80000)
  to   space 10240K, 0% used [0x00000007b0980000,0x00000007b0980000,0x00000007b1380000)
 ParOldGen       total 170496K, used 0K [0x0000000705e00000, 0x0000000710480000, 0x00000007aca00000)
  object space 170496K, 0% used [0x0000000705e00000,0x0000000705e00000,0x0000000710480000)
 PSPermGen       total 21504K, used 8732K [0x00000006fb800000, 0x00000006fcd00000, 0x0000000705e00000)
  object space 21504K, 40% used [0x00000006fb800000,0x00000006fc0870e0,0x00000006fcd00000)

Card table byte_map: [0x00007f1823fa0000,0x00007f18247c5000] byte_map_base: 0x00007f18207c4000

Polling page: 0x00007f182ee3e000

Code Cache  [0x00007f18247c5000, 0x00007f1824a35000, 0x00007f18277c5000)
 total_blobs=550 nmethods=82 adapters=422 free_code_cache=48487Kb largest_free_block=49620608

Compilation events (10 events):
Event: 3,732 Thread 0x00007f18280ab000 nmethod 75 0x00007f182486a350 code [0x00007f182486a520, 0x00007f182486aa10]
Event: 3,740 Thread 0x00007f18280ae000 nmethod 74 0x00007f182486f450 code [0x00007f182486f740, 0x00007f1824870520]
Event: 4,462 Thread 0x00007f18280ab000   76             java.nio.Buffer::remaining (10 bytes)
Event: 4,462 Thread 0x00007f18280ab000 nmethod 76 0x00007f1824863290 code [0x00007f18248633c0, 0x00007f1824863418]
Event: 4,775 Thread 0x00007f18280ae000   77             com.badlogic.gdx.graphics.glutils.IndexArray::getBuffer (5 bytes)
Event: 4,775 Thread 0x00007f18280ae000 nmethod 77 0x00007f1824868a10 code [0x00007f1824868b40, 0x00007f1824868bb8]
Event: 4,777 Thread 0x00007f18280ab000   80             com.badlogic.gdx.graphics.glutils.IndexArray::getNumIndices (8 bytes)
Event: 4,778 Thread 0x00007f18280ab000 nmethod 80 0x00007f182486a110 code [0x00007f182486a240, 0x00007f182486a2b8]
Event: 5,266 Thread 0x00007f18280ae000   82             java.nio.DirectByteBuffer::put (18 bytes)
Event: 5,267 Thread 0x00007f18280ae000 nmethod 82 0x00007f1824869e90 code [0x00007f1824869fc0, 0x00007f182486a058]

GC Heap History (0 events):
No events

Deoptimization events (0 events):
No events

Internal exceptions (10 events):
Event: 0,588 Thread 0x00007f1828305800 Threw 0x00000007ade7e9a8 at /build/buildd/openjdk-7-7u65-2.5.1/build/openjdk/hotspot/src/share/vm/prims/jvm.cpp:1247
Event: 0,589 Thread 0x00007f1828305800 Threw 0x00000007ade869c8 at /build/buildd/openjdk-7-7u65-2.5.1/build/openjdk/hotspot/src/share/vm/prims/jvm.cpp:1247
Event: 0,589 Thread 0x00007f1828305800 Threw 0x00000007ade8bc78 at /build/buildd/openjdk-7-7u65-2.5.1/build/openjdk/hotspot/src/share/vm/prims/jvm.cpp:1247
Event: 0,589 Thread 0x00007f1828305800 Threw 0x00000007ade8ece8 at /build/buildd/openjdk-7-7u65-2.5.1/build/openjdk/hotspot/src/share/vm/prims/jvm.cpp:1247
Event: 0,590 Thread 0x00007f1828305800 Threw 0x00000007ade94270 at /build/buildd/openjdk-7-7u65-2.5.1/build/openjdk/hotspot/src/share/vm/prims/jvm.cpp:1247
Event: 0,590 Thread 0x00007f1828305800 Threw 0x00000007ade99e10 at /build/buildd/openjdk-7-7u65-2.5.1/build/openjdk/hotspot/src/share/vm/prims/jvm.cpp:1247
Event: 0,590 Thread 0x00007f1828305800 Threw 0x00000007ade9fae0 at /build/buildd/openjdk-7-7u65-2.5.1/build/openjdk/hotspot/src/share/vm/prims/jvm.cpp:1247
Event: 0,591 Thread 0x00007f1828305800 Threw 0x00000007adea4d38 at /build/buildd/openjdk-7-7u65-2.5.1/build/openjdk/hotspot/src/share/vm/prims/jvm.cpp:1247
Event: 0,593 Thread 0x00007f1828305800 Threw 0x00000007adea9570 at /build/buildd/openjdk-7-7u65-2.5.1/build/openjdk/hotspot/src/share/vm/prims/jvm.cpp:1247
Event: 0,593 Thread 0x00007f1828305800 Threw 0x00000007adeae810 at /build/buildd/openjdk-7-7u65-2.5.1/build/openjdk/hotspot/src/share/vm/prims/jvm.cpp:1247

Events (10 events):
Event: 0,590 loading class 0x00007f17ac490b00
Event: 0,590 loading class 0x00007f17ac490b00 done
Event: 0,591 loading class 0x00007f1828146710
Event: 0,591 loading class 0x00007f1828146710 done
Event: 0,593 loading class 0x00007f17ac0091e0
Event: 0,593 loading class 0x00007f17ac0091e0 done
Event: 0,593 loading class 0x00007f17ac697690
Event: 0,593 loading class 0x00007f17ac697690 done
Event: 4,042 Executing VM operation: EnableBiasedLocking
Event: 4,042 Executing VM operation: EnableBiasedLocking done


Dynamic libraries:
00400000-00401000 r-xp 00000000 08:18 2377663                            /usr/lib/jvm/java-7-openjdk-amd64/jre/bin/java
00600000-00601000 r--p 00000000 08:18 2377663                            /usr/lib/jvm/java-7-openjdk-amd64/jre/bin/java
00601000-00602000 rw-p 00001000 08:18 2377663                            /usr/lib/jvm/java-7-openjdk-amd64/jre/bin/java
0245d000-0247e000 rw-p 00000000 00:00 0                                  [heap]
402f8000-402fa000 r-xs 00000000 08:18 6210883                            /tmp/gljRHAan (deleted)
419e6000-41a84000 rw-p 00000000 00:00 0 
6fb800000-6fcd00000 rw-p 00000000 00:00 0 
6fcd00000-705e00000 rw-p 00000000 00:00 0 
705e00000-710480000 rw-p 00000000 00:00 0 
710480000-7aca00000 rw-p 00000000 00:00 0 
7aca00000-7b1d80000 rw-p 00000000 00:00 0 
7b1d80000-800000000 rw-p 00000000 00:00 0 
7f17a0000000-7f17a0021000 rw-p 00000000 00:00 0 
7f17a0021000-7f17a4000000 ---p 00000000 00:00 0 
7f17a8000000-7f17a8021000 rw-p 00000000 00:00 0 
7f17a8021000-7f17ac000000 ---p 00000000 00:00 0 
7f17ac000000-7f17ac8d6000 rw-p 00000000 00:00 0 
7f17ac8d6000-7f17b0000000 ---p 00000000 00:00 0 
7f17b0000000-7f17b0021000 rw-p 00000000 00:00 0 
7f17b0021000-7f17b4000000 ---p 00000000 00:00 0 
7f17b7fff000-7f17bc000000 rw-s 00000000 00:15 82164                      /run/shm/pulse-shm-4018361866
7f17bc000000-7f17bc021000 rw-p 00000000 00:00 0 
7f17bc021000-7f17c0000000 ---p 00000000 00:00 0 
7f17c0000000-7f17c0021000 rw-p 00000000 00:00 0 
7f17c0021000-7f17c4000000 ---p 00000000 00:00 0 
7f17c4000000-7f17c4021000 rw-p 00000000 00:00 0 
7f17c4021000-7f17c8000000 ---p 00000000 00:00 0 
7f17c8000000-7f17c8021000 rw-p 00000000 00:00 0 
7f17c8021000-7f17cc000000 ---p 00000000 00:00 0 
7f17cc000000-7f17cc2d6000 rw-p 00000000 00:00 0 
7f17cc2d6000-7f17d0000000 ---p 00000000 00:00 0 
7f17d0000000-7f17d0204000 rw-p 00000000 00:00 0 
7f17d0204000-7f17d4000000 ---p 00000000 00:00 0 
7f17d4000000-7f17d4021000 rw-p 00000000 00:00 0 
7f17d4021000-7f17d8000000 ---p 00000000 00:00 0 
7f17d8000000-7f17d8021000 rw-p 00000000 00:00 0 
7f17d8021000-7f17dc000000 ---p 00000000 00:00 0 
7f17dc000000-7f17dc021000 rw-p 00000000 00:00 0 
7f17dc021000-7f17e0000000 ---p 00000000 00:00 0 
7f17e3dc0000-7f17ec000000 rw-p 00000000 00:00 0 
7f17ec000000-7f17ec021000 rw-p 00000000 00:00 0 
7f17ec021000-7f17f0000000 ---p 00000000 00:00 0 
7f17f0000000-7f17f0021000 rw-p 00000000 00:00 0 
7f17f0021000-7f17f4000000 ---p 00000000 00:00 0 
7f17f4000000-7f17f4021000 rw-p 00000000 00:00 0 
7f17f4021000-7f17f8000000 ---p 00000000 00:00 0 
7f17fb800000-7f17fba00000 rw-s d133d000 00:05 14659                      /dev/nvidia0
7f17fba00000-7f17fbc00000 rw-s 39f4b7000 00:05 14659                     /dev/nvidia0
7f17fbc00000-7f17fbe00000 rw-s 37b16b000 00:05 14659                     /dev/nvidia0
7f17fbe00000-7f17fc000000 rw-s 32ed9e000 00:05 14659                     /dev/nvidia0
7f17fc000000-7f17fc021000 rw-p 00000000 00:00 0 
7f17fc021000-7f1800000000 ---p 00000000 00:00 0 
7f1800000000-7f1800021000 rw-p 00000000 00:00 0 
7f1800021000-7f1804000000 ---p 00000000 00:00 0 
7f1804000000-7f1804021000 rw-p 00000000 00:00 0 
7f1804021000-7f1808000000 ---p 00000000 00:00 0 
7f1808060000-7f1808160000 rw-s 39e04e000 00:05 14659                     /dev/nvidia0
7f1808160000-7f18081a0000 rw-s 33fabe000 00:05 14659                     /dev/nvidia0
7f18081a0000-7f18081e0000 rw-s 3e457e000 00:05 14659                     /dev/nvidia0
7f18081e0000-7f1809d48000 r-xp 00000000 08:18 2376016                    /usr/lib/nvidia-331/libnvidia-glcore.so.331.89
7f1809d48000-7f1809f47000 ---p 01b68000 08:18 2376016                    /usr/lib/nvidia-331/libnvidia-glcore.so.331.89
7f1809f47000-7f180a9d2000 rwxp 01b67000 08:18 2376016                    /usr/lib/nvidia-331/libnvidia-glcore.so.331.89
7f180a9d2000-7f180a9ef000 rwxp 00000000 00:00 0 
7f180a9ef000-7f180a9f2000 r-xp 00000000 08:18 2378131                    /usr/lib/nvidia-331/tls/libnvidia-tls.so.331.89
7f180a9f2000-7f180abf1000 ---p 00003000 08:18 2378131                    /usr/lib/nvidia-331/tls/libnvidia-tls.so.331.89
7f180abf1000-7f180abf2000 rw-p 00002000 08:18 2378131                    /usr/lib/nvidia-331/tls/libnvidia-tls.so.331.89
7f180abf2000-7f180accf000 r-xp 00000000 08:18 2378133                    /usr/lib/nvidia-331/libGL.so.331.89
7f180accf000-7f180aece000 ---p 000dd000 08:18 2378133                    /usr/lib/nvidia-331/libGL.so.331.89
7f180aece000-7f180af0e000 rwxp 000dc000 08:18 2378133                    /usr/lib/nvidia-331/libGL.so.331.89
7f180af0e000-7f180af25000 rwxp 00000000 00:00 0 
7f180af25000-7f180af28000 ---p 00000000 00:00 0 
7f180af28000-7f180b026000 rw-p 00000000 00:00 0                          [stack:9185]
7f180b026000-7f180b027000 ---p 00000000 00:00 0 
7f180b027000-7f180b127000 rw-p 00000000 00:00 0                          [stack:9184]
7f180b127000-7f180b128000 ---p 00000000 00:00 0 
7f180b128000-7f180b928000 rw-p 00000000 00:00 0                          [stack:9183]
7f180b928000-7f180b92f000 r-xp 00000000 08:18 1813889                    /usr/lib/x86_64-linux-gnu/libogg.so.0.8.1
7f180b92f000-7f180bb2f000 ---p 00007000 08:18 1813889                    /usr/lib/x86_64-linux-gnu/libogg.so.0.8.1
7f180bb2f000-7f180bb30000 r--p 00007000 08:18 1813889                    /usr/lib/x86_64-linux-gnu/libogg.so.0.8.1
7f180bb30000-7f180bb31000 rw-p 00008000 08:18 1813889                    /usr/lib/x86_64-linux-gnu/libogg.so.0.8.1
7f180bb31000-7f180bde4000 r-xp 00000000 08:18 1814169                    /usr/lib/x86_64-linux-gnu/libvorbisenc.so.2.0.8
7f180bde4000-7f180bfe3000 ---p 002b3000 08:18 1814169                    /usr/lib/x86_64-linux-gnu/libvorbisenc.so.2.0.8
7f180bfe3000-7f180bfff000 r--p 002b2000 08:18 1814169                    /usr/lib/x86_64-linux-gnu/libvorbisenc.so.2.0.8
7f180bfff000-7f180c000000 rw-p 002ce000 08:18 1814169                    /usr/lib/x86_64-linux-gnu/libvorbisenc.so.2.0.8
7f180c000000-7f180c021000 rw-p 00000000 00:00 0 
7f180c021000-7f1810000000 ---p 00000000 00:00 0 
7f1810028000-7f181002a000 rw-p 00000000 00:00 0 
7f181002a000-7f18100ee000 rw-s 3ed4e6000 00:05 14659                     /dev/nvidia0
7f18100ee000-7f181011a000 r-xp 00000000 08:18 1814167                    /usr/lib/x86_64-linux-gnu/libvorbis.so.0.4.5
7f181011a000-7f1810319000 ---p 0002c000 08:18 1814167                    /usr/lib/x86_64-linux-gnu/libvorbis.so.0.4.5
7f1810319000-7f181031a000 r--p 0002b000 08:18 1814167                    /usr/lib/x86_64-linux-gnu/libvorbis.so.0.4.5
7f181031a000-7f181031b000 rw-p 0002c000 08:18 1814167                    /usr/lib/x86_64-linux-gnu/libvorbis.so.0.4.5
7f181031b000-7f181034a000 r-xp 00000000 08:18 1813029                    /usr/lib/x86_64-linux-gnu/libFLAC.so.8.3.0
7f181034a000-7f181054a000 ---p 0002f000 08:18 1813029                    /usr/lib/x86_64-linux-gnu/libFLAC.so.8.3.0
7f181054a000-7f181054b000 r--p 0002f000 08:18 1813029                    /usr/lib/x86_64-linux-gnu/libFLAC.so.8.3.0
7f181054b000-7f181054c000 rw-p 00030000 08:18 1813029                    /usr/lib/x86_64-linux-gnu/libFLAC.so.8.3.0
7f181054c000-7f1810551000 r-xp 00000000 08:18 1813260                    /usr/lib/x86_64-linux-gnu/libasyncns.so.0.3.1
7f1810551000-7f1810750000 ---p 00005000 08:18 1813260                    /usr/lib/x86_64-linux-gnu/libasyncns.so.0.3.1
7f1810750000-7f1810751000 r--p 00004000 08:18 1813260                    /usr/lib/x86_64-linux-gnu/libasyncns.so.0.3.1
7f1810751000-7f1810752000 rw-p 00005000 08:18 1813260                    /usr/lib/x86_64-linux-gnu/libasyncns.so.0.3.1
7f1810752000-7f18107b3000 r-xp 00000000 08:18 1814046                    /usr/lib/x86_64-linux-gnu/libsndfile.so.1.0.25
7f18107b3000-7f18109b3000 ---p 00061000 08:18 1814046                    /usr/lib/x86_64-linux-gnu/libsndfile.so.1.0.25
7f18109b3000-7f18109b5000 r--p 00061000 08:18 1814046                    /usr/lib/x86_64-linux-gnu/libsndfile.so.1.0.25
7f18109b5000-7f18109b6000 rw-p 00063000 08:18 1814046                    /usr/lib/x86_64-linux-gnu/libsndfile.so.1.0.25
7f18109b6000-7f18109ba000 rw-p 00000000 00:00 0 
7f18109ba000-7f18109c2000 r-xp 00000000 08:18 2607965                    /lib/x86_64-linux-gnu/libwrap.so.0.7.6
7f18109c2000-7f1810bc1000 ---p 00008000 08:18 2607965                    /lib/x86_64-linux-gnu/libwrap.so.0.7.6
7f1810bc1000-7f1810bc2000 r--p 00007000 08:18 2607965                    /lib/x86_64-linux-gnu/libwrap.so.0.7.6
7f1810bc2000-7f1810bc3000 rw-p 00008000 08:18 2607965                    /lib/x86_64-linux-gnu/libwrap.so.0.7.6
7f1810bc3000-7f1810bc4000 rw-p 00000000 00:00 0 
7f1810bc4000-7f1810c2a000 r-xp 00000000 08:18 1853602                    /usr/lib/x86_64-linux-gnu/pulseaudio/libpulsecommon-4.0.so
7f1810c2a000-7f1810e29000 ---p 00066000 08:18 1853602                    /usr/lib/x86_64-linux-gnu/pulseaudio/libpulsecommon-4.0.so
7f1810e29000-7f1810e2a000 r--p 00065000 08:18 1853602                    /usr/lib/x86_64-linux-gnu/pulseaudio/libpulsecommon-4.0.so
7f1810e2a000-7f1810e2b000 rw-p 00066000 08:18 1853602                    /usr/lib/x86_64-linux-gnu/pulseaudio/libpulsecommon-4.0.so
7f1810e2b000-7f1810e35000 r-xp 00000000 08:18 2605153                    /lib/x86_64-linux-gnu/libjson-c.so.2.0.0
7f1810e35000-7f1811034000 ---p 0000a000 08:18 2605153                    /lib/x86_64-linux-gnu/libjson-c.so.2.0.0
7f1811034000-7f1811035000 r--p 00009000 08:18 2605153                    /lib/x86_64-linux-gnu/libjson-c.so.2.0.0
7f1811035000-7f1811036000 rw-p 0000a000 08:18 2605153                    /lib/x86_64-linux-gnu/libjson-c.so.2.0.0
7f1811036000-7f181107d000 r-xp 00000000 08:18 1813958                    /usr/lib/x86_64-linux-gnu/libpulse.so.0.16.2
7f181107d000-7f181127d000 ---p 00047000 08:18 1813958                    /usr/lib/x86_64-linux-gnu/libpulse.so.0.16.2
7f181127d000-7f181127e000 r--p 00047000 08:18 1813958                    /usr/lib/x86_64-linux-gnu/libpulse.so.0.16.2
7f181127e000-7f181127f000 rw-p 00048000 08:18 1813958                    /usr/lib/x86_64-linux-gnu/libpulse.so.0.16.2
7f181127f000-7f18112d4000 r-xp 00000000 08:18 6209912                    /tmp/libgdxlezli/7b43be9b/libopenal64.so (deleted)
7f18112d4000-7f18114d3000 ---p 00055000 08:18 6209912                    /tmp/libgdxlezli/7b43be9b/libopenal64.so (deleted)
7f18114d3000-7f18114d6000 r--p 00054000 08:18 6209912                    /tmp/libgdxlezli/7b43be9b/libopenal64.so (deleted)
7f18114d6000-7f18114d7000 rw-p 00057000 08:18 6209912                    /tmp/libgdxlezli/7b43be9b/libopenal64.so (deleted)
7f18114d7000-7f18114d8000 rw-p 00000000 00:00 0 
7f18114d8000-7f18114dc000 r-xp 00000000 08:18 1813221                    /usr/lib/x86_64-linux-gnu/libXxf86vm.so.1.0.0
7f18114dc000-7f18116dc000 ---p 00004000 08:18 1813221                    /usr/lib/x86_64-linux-gnu/libXxf86vm.so.1.0.0
7f18116dc000-7f18116dd000 r--p 00004000 08:18 1813221                    /usr/lib/x86_64-linux-gnu/libXxf86vm.so.1.0.0
7f18116dd000-7f18116de000 rw-p 00005000 08:18 1813221                    /usr/lib/x86_64-linux-gnu/libXxf86vm.so.1.0.0
7f18116de000-7f18116e7000 r-xp 00000000 08:18 1813203                    /usr/lib/x86_64-linux-gnu/libXrandr.so.2.2.0
7f18116e7000-7f18118e6000 ---p 00009000 08:18 1813203                    /usr/lib/x86_64-linux-gnu/libXrandr.so.2.2.0
7f18118e6000-7f18118e7000 r--p 00008000 08:18 1813203                    /usr/lib/x86_64-linux-gnu/libXrandr.so.2.2.0
7f18118e7000-7f18118e8000 rw-p 00009000 08:18 1813203                    /usr/lib/x86_64-linux-gnu/libXrandr.so.2.2.0
7f18118e8000-7f1811954000 r-xp 00000000 08:18 6209578                    /tmp/libgdxlezli/7b43be9b/liblwjgl64.so (deleted)
7f1811954000-7f1811b53000 ---p 0006c000 08:18 6209578                    /tmp/libgdxlezli/7b43be9b/liblwjgl64.so (deleted)
7f1811b53000-7f1811b55000 r--p 0006b000 08:18 6209578                    /tmp/libgdxlezli/7b43be9b/liblwjgl64.so (deleted)
7f1811b55000-7f1811b56000 rw-p 0006d000 08:18 6209578                    /tmp/libgdxlezli/7b43be9b/liblwjgl64.so (deleted)
7f1811b56000-7f1811b57000 r-xp 00000000 08:18 2377709                    /usr/lib/jvm/java-7-openjdk-amd64/jre/lib/amd64/libjawt.so
7f1811b57000-7f1811d56000 ---p 00001000 08:18 2377709                    /usr/lib/jvm/java-7-openjdk-amd64/jre/lib/amd64/libjawt.so
7f1811d56000-7f1811d57000 r--p 00000000 08:18 2377709                    /usr/lib/jvm/java-7-openjdk-amd64/jre/lib/amd64/libjawt.so
7f1811d57000-7f1811d58000 rw-p 00001000 08:18 2377709                    /usr/lib/jvm/java-7-openjdk-amd64/jre/lib/amd64/libjawt.so
7f1811d58000-7f1811d5b000 ---p 00000000 00:00 0 
7f1811d5b000-7f1811e59000 rw-p 00000000 00:00 0                          [stack:9181]
7f1811e59000-7f1811e5e000 r-xp 00000000 08:18 1813185                    /usr/lib/x86_64-linux-gnu/libXfixes.so.3.1.0
7f1811e5e000-7f181205d000 ---p 00005000 08:18 1813185                    /usr/lib/x86_64-linux-gnu/libXfixes.so.3.1.0
7f181205d000-7f181205e000 r--p 00004000 08:18 1813185                    /usr/lib/x86_64-linux-gnu/libXfixes.so.3.1.0
7f181205e000-7f181205f000 rw-p 00005000 08:18 1813185                    /usr/lib/x86_64-linux-gnu/libXfixes.so.3.1.0
7f181205f000-7f1812068000 r-xp 00000000 08:18 1813177                    /usr/lib/x86_64-linux-gnu/libXcursor.so.1.0.2
7f1812068000-7f1812267000 ---p 00009000 08:18 1813177                    /usr/lib/x86_64-linux-gnu/libXcursor.so.1.0.2
7f1812267000-7f1812268000 r--p 00008000 08:18 1813177                    /usr/lib/x86_64-linux-gnu/libXcursor.so.1.0.2
7f1812268000-7f1812269000 rw-p 00009000 08:18 1813177                    /usr/lib/x86_64-linux-gnu/libXcursor.so.1.0.2
7f1812269000-7f181226c000 ---p 00000000 00:00 0 
7f181226c000-7f181236a000 rw-p 00000000 00:00 0                          [stack:9180]
7f181236a000-7f181236e000 r-xp 00000000 08:18 2607838                    /lib/x86_64-linux-gnu/libgpg-error.so.0.10.0
7f181236e000-7f181256d000 ---p 00004000 08:18 2607838                    /lib/x86_64-linux-gnu/libgpg-error.so.0.10.0
7f181256d000-7f181256e000 r--p 00003000 08:18 2607838                    /lib/x86_64-linux-gnu/libgpg-error.so.0.10.0
7f181256e000-7f181256f000 rw-p 00004000 08:18 2607838                    /lib/x86_64-linux-gnu/libgpg-error.so.0.10.0
7f181256f000-7f1812571000 r-xp 00000000 08:18 2607848                    /lib/x86_64-linux-gnu/libkeyutils.so.1.4
7f1812571000-7f1812771000 ---p 00002000 08:18 2607848                    /lib/x86_64-linux-gnu/libkeyutils.so.1.4
7f1812771000-7f1812772000 r--p 00002000 08:18 2607848                    /lib/x86_64-linux-gnu/libkeyutils.so.1.4
7f1812772000-7f1812773000 rw-p 00003000 08:18 2607848                    /lib/x86_64-linux-gnu/libkeyutils.so.1.4
7f1812773000-7f18127b0000 r-xp 00000000 08:18 2607908                    /lib/x86_64-linux-gnu/libpcre.so.3.13.1
7f18127b0000-7f18129af000 ---p 0003d000 08:18 2607908                    /lib/x86_64-linux-gnu/libpcre.so.3.13.1
7f18129af000-7f18129b0000 r--p 0003c000 08:18 2607908                    /lib/x86_64-linux-gnu/libpcre.so.3.13.1
7f18129b0000-7f18129b1000 rw-p 0003d000 08:18 2607908                    /lib/x86_64-linux-gnu/libpcre.so.3.13.1
7f18129b1000-7f18129d6000 r-xp 00000000 08:18 2607920                    /lib/x86_64-linux-gnu/libpng12.so.0.50.0
7f18129d6000-7f1812bd5000 ---p 00025000 08:18 2607920                    /lib/x86_64-linux-gnu/libpng12.so.0.50.0
7f1812bd5000-7f1812bd6000 r--p 00024000 08:18 2607920                    /lib/x86_64-linux-gnu/libpng12.so.0.50.0
7f1812bd6000-7f1812bd7000 rw-p 00025000 08:18 2607920                    /lib/x86_64-linux-gnu/libpng12.so.0.50.0
7f1812bd7000-7f1812c1b000 r-xp 00000000 08:18 2605151                    /lib/x86_64-linux-gnu/libdbus-1.so.3.7.6
7f1812c1b000-7f1812e1a000 ---p 00044000 08:18 2605151                    /lib/x86_64-linux-gnu/libdbus-1.so.3.7.6
7f1812e1a000-7f1812e1b000 r--p 00043000 08:18 2605151                    /lib/x86_64-linux-gnu/libdbus-1.so.3.7.6
7f1812e1b000-7f1812e1c000 rw-p 00044000 08:18 2605151                    /lib/x86_64-linux-gnu/libdbus-1.so.3.7.6
7f1812e1c000-7f1812e57000 r-xp 00000000 08:18 1813897                    /usr/lib/x86_64-linux-gnu/libp11-kit.so.0.0.0
7f1812e57000-7f1813056000 ---p 0003b000 08:18 1813897                    /usr/lib/x86_64-linux-gnu/libp11-kit.so.0.0.0
7f1813056000-7f181305c000 r--p 0003a000 08:18 1813897                    /usr/lib/x86_64-linux-gnu/libp11-kit.so.0.0.0
7f181305c000-7f181305e000 rw-p 00040000 08:18 1813897                    /usr/lib/x86_64-linux-gnu/libp11-kit.so.0.0.0
7f181305e000-7f1813070000 r-xp 00000000 08:18 1812089                    /usr/lib/x86_64-linux-gnu/libtasn1.so.6.2.0
7f1813070000-7f1813270000 ---p 00012000 08:18 1812089                    /usr/lib/x86_64-linux-gnu/libtasn1.so.6.2.0
7f1813270000-7f1813271000 r--p 00012000 08:18 1812089                    /usr/lib/x86_64-linux-gnu/libtasn1.so.6.2.0
7f1813271000-7f1813272000 rw-p 00013000 08:18 1812089                    /usr/lib/x86_64-linux-gnu/libtasn1.so.6.2.0
7f1813272000-7f18132ed000 r-xp 00000000 08:18 2607834                    /lib/x86_64-linux-gnu/libgcrypt.so.11.8.2
7f18132ed000-7f18134ed000 ---p 0007b000 08:18 2607834                    /lib/x86_64-linux-gnu/libgcrypt.so.11.8.2
7f18134ed000-7f18134ee000 r--p 0007b000 08:18 2607834                    /lib/x86_64-linux-gnu/libgcrypt.so.11.8.2
7f18134ee000-7f18134f1000 rw-p 0007c000 08:18 2607834                    /lib/x86_64-linux-gnu/libgcrypt.so.11.8.2
7f18134f1000-7f18134fb000 r-xp 00000000 08:18 1811502                    /usr/lib/x86_64-linux-gnu/libkrb5support.so.0.1
7f18134fb000-7f18136fa000 ---p 0000a000 08:18 1811502                    /usr/lib/x86_64-linux-gnu/libkrb5support.so.0.1
7f18136fa000-7f18136fb000 r--p 00009000 08:18 1811502                    /usr/lib/x86_64-linux-gnu/libkrb5support.so.0.1
7f18136fb000-7f18136fc000 rw-p 0000a000 08:18 1811502                    /usr/lib/x86_64-linux-gnu/libkrb5support.so.0.1
7f18136fc000-7f18136ff000 r-xp 00000000 08:18 2607814                    /lib/x86_64-linux-gnu/libcom_err.so.2.1
7f18136ff000-7f18138fe000 ---p 00003000 08:18 2607814                    /lib/x86_64-linux-gnu/libcom_err.so.2.1
7f18138fe000-7f18138ff000 r--p 00002000 08:18 2607814                    /lib/x86_64-linux-gnu/libcom_err.so.2.1
7f18138ff000-7f1813900000 rw-p 00003000 08:18 2607814                    /lib/x86_64-linux-gnu/libcom_err.so.2.1
7f1813900000-7f181392c000 r-xp 00000000 08:18 1811496                    /usr/lib/x86_64-linux-gnu/libk5crypto.so.3.1
7f181392c000-7f1813b2b000 ---p 0002c000 08:18 1811496                    /usr/lib/x86_64-linux-gnu/libk5crypto.so.3.1
7f1813b2b000-7f1813b2d000 r--p 0002b000 08:18 1811496                    /usr/lib/x86_64-linux-gnu/libk5crypto.so.3.1
7f1813b2d000-7f1813b2e000 rw-p 0002d000 08:18 1811496                    /usr/lib/x86_64-linux-gnu/libk5crypto.so.3.1
7f1813b2e000-7f1813b2f000 rw-p 00000000 00:00 0 
7f1813b2f000-7f1813beb000 r-xp 00000000 08:18 1811500                    /usr/lib/x86_64-linux-gnu/libkrb5.so.3.3
7f1813beb000-7f1813deb000 ---p 000bc000 08:18 1811500                    /usr/lib/x86_64-linux-gnu/libkrb5.so.3.3
7f1813deb000-7f1813df8000 r--p 000bc000 08:18 1811500                    /usr/lib/x86_64-linux-gnu/libkrb5.so.3.3
7f1813df8000-7f1813dfa000 rw-p 000c9000 08:18 1811500                    /usr/lib/x86_64-linux-gnu/libkrb5.so.3.3
7f1813dfa000-7f1813dff000 r-xp 00000000 08:18 1813181                    /usr/lib/x86_64-linux-gnu/libXdmcp.so.6.0.0
7f1813dff000-7f1813ffe000 ---p 00005000 08:18 1813181                    /usr/lib/x86_64-linux-gnu/libXdmcp.so.6.0.0
7f1813ffe000-7f1813fff000 r--p 00004000 08:18 1813181                    /usr/lib/x86_64-linux-gnu/libXdmcp.so.6.0.0
7f1813fff000-7f1814000000 rw-p 00005000 08:18 1813181                    /usr/lib/x86_64-linux-gnu/libXdmcp.so.6.0.0
7f1814000000-7f1814021000 rw-p 00000000 00:00 0 
7f1814021000-7f1818000000 ---p 00000000 00:00 0 
7f1818000000-7f1818002000 rw-s 00000000 08:18 6210883                    /tmp/gljRHAan (deleted)
7f1818002000-7f1818009000 rw-s 32a9ff000 00:05 14659                     /dev/nvidia0
7f1818009000-7f1818029000 rw-s e84a0000 00:05 14659                      /dev/nvidia0
7f1818029000-7f181802a000 rw-s 32a9fe000 00:05 14659                     /dev/nvidia0
7f181802a000-7f181802e000 rw-s 3ed818000 00:05 14659                     /dev/nvidia0
7f181802e000-7f1818030000 r-xp 00000000 08:18 1813170                    /usr/lib/x86_64-linux-gnu/libXau.so.6.0.0
7f1818030000-7f1818230000 ---p 00002000 08:18 1813170                    /usr/lib/x86_64-linux-gnu/libXau.so.6.0.0
7f1818230000-7f1818231000 r--p 00002000 08:18 1813170                    /usr/lib/x86_64-linux-gnu/libXau.so.6.0.0
7f1818231000-7f1818232000 rw-p 00003000 08:18 1813170                    /usr/lib/x86_64-linux-gnu/libXau.so.6.0.0
7f1818232000-7f1818239000 r-xp 00000000 08:18 1813448                    /usr/lib/x86_64-linux-gnu/libffi.so.6.0.1
7f1818239000-7f1818438000 ---p 00007000 08:18 1813448                    /usr/lib/x86_64-linux-gnu/libffi.so.6.0.1
7f1818438000-7f1818439000 r--p 00006000 08:18 1813448                    /usr/lib/x86_64-linux-gnu/libffi.so.6.0.1
7f1818439000-7f181843a000 rw-p 00007000 08:18 1813448                    /usr/lib/x86_64-linux-gnu/libffi.so.6.0.1
7f181843a000-7f1818451000 r-xp 00000000 08:18 2605235                    /lib/x86_64-linux-gnu/libresolv-2.19.so
7f1818451000-7f1818651000 ---p 00017000 08:18 2605235                    /lib/x86_64-linux-gnu/libresolv-2.19.so
7f1818651000-7f1818652000 r--p 00017000 08:18 2605235                    /lib/x86_64-linux-gnu/libresolv-2.19.so
7f1818652000-7f1818653000 rw-p 00018000 08:18 2605235                    /lib/x86_64-linux-gnu/libresolv-2.19.so
7f1818653000-7f1818655000 rw-p 00000000 00:00 0 
7f1818655000-7f1818675000 r-xp 00000000 08:18 2605145                    /lib/x86_64-linux-gnu/libselinux.so.1
7f1818675000-7f1818874000 ---p 00020000 08:18 2605145                    /lib/x86_64-linux-gnu/libselinux.so.1
7f1818874000-7f1818875000 r--p 0001f000 08:18 2605145                    /lib/x86_64-linux-gnu/libselinux.so.1
7f1818875000-7f1818876000 rw-p 00020000 08:18 2605145                    /lib/x86_64-linux-gnu/libselinux.so.1
7f1818876000-7f1818878000 rw-p 00000000 00:00 0 
7f1818878000-7f181897e000 r-xp 00000000 08:18 2607836                    /lib/x86_64-linux-gnu/libglib-2.0.so.0.4000.0
7f181897e000-7f1818b7d000 ---p 00106000 08:18 2607836                    /lib/x86_64-linux-gnu/libglib-2.0.so.0.4000.0
7f1818b7d000-7f1818b7e000 r--p 00105000 08:18 2607836                    /lib/x86_64-linux-gnu/libglib-2.0.so.0.4000.0
7f1818b7e000-7f1818b7f000 rw-p 00106000 08:18 2607836                    /lib/x86_64-linux-gnu/libglib-2.0.so.0.4000.0
7f1818b7f000-7f1818b80000 rw-p 00000000 00:00 0 
7f1818b80000-7f1818b83000 r-xp 00000000 08:18 1813565                    /usr/lib/x86_64-linux-gnu/libgmodule-2.0.so.0.4000.0
7f1818b83000-7f1818d82000 ---p 00003000 08:18 1813565                    /usr/lib/x86_64-linux-gnu/libgmodule-2.0.so.0.4000.0
7f1818d82000-7f1818d83000 r--p 00002000 08:18 1813565                    /usr/lib/x86_64-linux-gnu/libgmodule-2.0.so.0.4000.0
7f1818d83000-7f1818d84000 rw-p 00003000 08:18 1813565                    /usr/lib/x86_64-linux-gnu/libgmodule-2.0.so.0.4000.0
7f1818d84000-7f1818dab000 r-xp 00000000 08:18 2607827                    /lib/x86_64-linux-gnu/libexpat.so.1.6.0
7f1818dab000-7f1818fab000 ---p 00027000 08:18 2607827                    /lib/x86_64-linux-gnu/libexpat.so.1.6.0
7f1818fab000-7f1818fad000 r--p 00027000 08:18 2607827                    /lib/x86_64-linux-gnu/libexpat.so.1.6.0
7f1818fad000-7f1818fae000 rw-p 00029000 08:18 2607827                    /lib/x86_64-linux-gnu/libexpat.so.1.6.0
7f1818fae000-7f181904b000 r-xp 00000000 08:18 1812110                    /usr/lib/x86_64-linux-gnu/libfreetype.so.6.11.1
7f181904b000-7f181924a000 ---p 0009d000 08:18 1812110                    /usr/lib/x86_64-linux-gnu/libfreetype.so.6.11.1
7f181924a000-7f1819250000 r--p 0009c000 08:18 1812110                    /usr/lib/x86_64-linux-gnu/libfreetype.so.6.11.1
7f1819250000-7f1819251000 rw-p 000a2000 08:18 1812110                    /usr/lib/x86_64-linux-gnu/libfreetype.so.6.11.1
7f1819251000-7f1819260000 r-xp 00000000 08:18 1813274                    /usr/lib/x86_64-linux-gnu/libavahi-client.so.3.2.9
7f1819260000-7f1819460000 ---p 0000f000 08:18 1813274                    /usr/lib/x86_64-linux-gnu/libavahi-client.so.3.2.9
7f1819460000-7f1819461000 r--p 0000f000 08:18 1813274                    /usr/lib/x86_64-linux-gnu/libavahi-client.so.3.2.9
7f1819461000-7f1819462000 rw-p 00010000 08:18 1813274                    /usr/lib/x86_64-linux-gnu/libavahi-client.so.3.2.9
7f1819462000-7f181946d000 r-xp 00000000 08:18 1813276                    /usr/lib/x86_64-linux-gnu/libavahi-common.so.3.5.3
7f181946d000-7f181966c000 ---p 0000b000 08:18 1813276                    /usr/lib/x86_64-linux-gnu/libavahi-common.so.3.5.3
7f181966c000-7f181966d000 r--p 0000a000 08:18 1813276                    /usr/lib/x86_64-linux-gnu/libavahi-common.so.3.5.3
7f181966d000-7f181966e000 rw-p 0000b000 08:18 1813276                    /usr/lib/x86_64-linux-gnu/libavahi-common.so.3.5.3
7f181966e000-7f1819724000 r-xp 00000000 08:18 1813574                    /usr/lib/x86_64-linux-gnu/libgnutls.so.26.22.6
7f1819724000-7f1819924000 ---p 000b6000 08:18 1813574                    /usr/lib/x86_64-linux-gnu/libgnutls.so.26.22.6
7f1819924000-7f181992a000 r--p 000b6000 08:18 1813574                    /usr/lib/x86_64-linux-gnu/libgnutls.so.26.22.6
7f181992a000-7f181992b000 rw-p 000bc000 08:18 1813574                    /usr/lib/x86_64-linux-gnu/libgnutls.so.26.22.6
7f181992b000-7f181992c000 rw-p 00000000 00:00 0 
7f181992c000-7f181996f000 r-xp 00000000 08:18 1811498                    /usr/lib/x86_64-linux-gnu/libgssapi_krb5.so.2.2
7f181996f000-7f1819b6f000 ---p 00043000 08:18 1811498                    /usr/lib/x86_64-linux-gnu/libgssapi_krb5.so.2.2
7f1819b6f000-7f1819b70000 r--p 00043000 08:18 1811498                    /usr/lib/x86_64-linux-gnu/libgssapi_krb5.so.2.2
7f1819b70000-7f1819b72000 rw-p 00044000 08:18 1811498                    /usr/lib/x86_64-linux-gnu/libgssapi_krb5.so.2.2
7f1819b72000-7f1819b8f000 r-xp 00000000 08:18 1814238                    /usr/lib/x86_64-linux-gnu/libxcb.so.1.1.0
7f1819b8f000-7f1819d8f000 ---p 0001d000 08:18 1814238                    /usr/lib/x86_64-linux-gnu/libxcb.so.1.1.0
7f1819d8f000-7f1819d90000 r--p 0001d000 08:18 1814238                    /usr/lib/x86_64-linux-gnu/libxcb.so.1.1.0
7f1819d90000-7f1819d91000 rw-p 0001e000 08:18 1814238                    /usr/lib/x86_64-linux-gnu/libxcb.so.1.1.0
7f1819d91000-7f1819de0000 r-xp 00000000 08:18 1813581                    /usr/lib/x86_64-linux-gnu/libgobject-2.0.so.0.4000.0
7f1819de0000-7f1819fe0000 ---p 0004f000 08:18 1813581                    /usr/lib/x86_64-linux-gnu/libgobject-2.0.so.0.4000.0
7f1819fe0000-7f1819fe1000 r--p 0004f000 08:18 1813581                    /usr/lib/x86_64-linux-gnu/libgobject-2.0.so.0.4000.0
7f1819fe1000-7f1819fe2000 rw-p 00050000 08:18 1813581                    /usr/lib/x86_64-linux-gnu/libgobject-2.0.so.0.4000.0
7f1819fe2000-7f181a14d000 r-xp 00000000 08:18 1813551                    /usr/lib/x86_64-linux-gnu/libgio-2.0.so.0.4000.0
7f181a14d000-7f181a34d000 ---p 0016b000 08:18 1813551                    /usr/lib/x86_64-linux-gnu/libgio-2.0.so.0.4000.0
7f181a34d000-7f181a351000 r--p 0016b000 08:18 1813551                    /usr/lib/x86_64-linux-gnu/libgio-2.0.so.0.4000.0
7f181a351000-7f181a353000 rw-p 0016f000 08:18 1813551                    /usr/lib/x86_64-linux-gnu/libgio-2.0.so.0.4000.0
7f181a353000-7f181a355000 rw-p 00000000 00:00 0 
7f181a355000-7f181a38f000 r-xp 00000000 08:18 1812108                    /usr/lib/x86_64-linux-gnu/libfontconfig.so.1.8.0
7f181a38f000-7f181a58e000 ---p 0003a000 08:18 1812108                    /usr/lib/x86_64-linux-gnu/libfontconfig.so.1.8.0
7f181a58e000-7f181a590000 r--p 00039000 08:18 1812108                    /usr/lib/x86_64-linux-gnu/libfontconfig.so.1.8.0
7f181a590000-7f181a591000 rw-p 0003b000 08:18 1812108                    /usr/lib/x86_64-linux-gnu/libfontconfig.so.1.8.0
7f181a591000-7f181a5fd000 r-xp 00000000 08:18 1811330                    /usr/lib/x86_64-linux-gnu/libcups.so.2
7f181a5fd000-7f181a7fd000 ---p 0006c000 08:18 1811330                    /usr/lib/x86_64-linux-gnu/libcups.so.2
7f181a7fd000-7f181a804000 r--p 0006c000 08:18 1811330                    /usr/lib/x86_64-linux-gnu/libcups.so.2
7f181a804000-7f181a805000 rw-p 00073000 08:18 1811330                    /usr/lib/x86_64-linux-gnu/libcups.so.2
7f181a805000-7f181a814000 r-xp 00000000 08:18 1813191                    /usr/lib/x86_64-linux-gnu/libXi.so.6.1.0
7f181a814000-7f181aa13000 ---p 0000f000 08:18 1813191                    /usr/lib/x86_64-linux-gnu/libXi.so.6.1.0
7f181aa13000-7f181aa14000 r--p 0000e000 08:18 1813191                    /usr/lib/x86_64-linux-gnu/libXi.so.6.1.0
7f181aa14000-7f181aa15000 rw-p 0000f000 08:18 1813191                    /usr/lib/x86_64-linux-gnu/libXi.so.6.1.0
7f181aa15000-7f181aa1a000 r-xp 00000000 08:18 1813211                    /usr/lib/x86_64-linux-gnu/libXtst.so.6.1.0
7f181aa1a000-7f181ac19000 ---p 00005000 08:18 1813211                    /usr/lib/x86_64-linux-gnu/libXtst.so.6.1.0
7f181ac19000-7f181ac1a000 r--p 00004000 08:18 1813211                    /usr/lib/x86_64-linux-gnu/libXtst.so.6.1.0
7f181ac1a000-7f181ac1b000 rw-p 00005000 08:18 1813211                    /usr/lib/x86_64-linux-gnu/libXtst.so.6.1.0
7f181ac1b000-7f181ac24000 r-xp 00000000 08:18 1813205                    /usr/lib/x86_64-linux-gnu/libXrender.so.1.3.0
7f181ac24000-7f181ae23000 ---p 00009000 08:18 1813205                    /usr/lib/x86_64-linux-gnu/libXrender.so.1.3.0
7f181ae23000-7f181ae24000 r--p 00008000 08:18 1813205                    /usr/lib/x86_64-linux-gnu/libXrender.so.1.3.0
7f181ae24000-7f181ae25000 rw-p 00009000 08:18 1813205                    /usr/lib/x86_64-linux-gnu/libXrender.so.1.3.0
7f181ae25000-7f181af55000 r-xp 00000000 08:18 1813166                    /usr/lib/x86_64-linux-gnu/libX11.so.6.3.0
7f181af55000-7f181b155000 ---p 00130000 08:18 1813166                    /usr/lib/x86_64-linux-gnu/libX11.so.6.3.0
7f181b155000-7f181b156000 r--p 00130000 08:18 1813166                    /usr/lib/x86_64-linux-gnu/libX11.so.6.3.0
7f181b156000-7f181b15a000 rw-p 00131000 08:18 1813166                    /usr/lib/x86_64-linux-gnu/libX11.so.6.3.0
7f181b15a000-7f181b16b000 r-xp 00000000 08:18 1813183                    /usr/lib/x86_64-linux-gnu/libXext.so.6.4.0
7f181b16b000-7f181b36a000 ---p 00011000 08:18 1813183                    /usr/lib/x86_64-linux-gnu/libXext.so.6.4.0
7f181b36a000-7f181b36b000 r--p 00010000 08:18 1813183                    /usr/lib/x86_64-linux-gnu/libXext.so.6.4.0
7f181b36b000-7f181b36c000 rw-p 00011000 08:18 1813183                    /usr/lib/x86_64-linux-gnu/libXext.so.6.4.0
7f181b36c000-7f181b3b4000 r-xp 00000000 08:18 2377654                    /usr/lib/jvm/java-7-openjdk-amd64/jre/lib/amd64/xawt/libmawt.so
7f181b3b4000-7f181b5b3000 ---p 00048000 08:18 2377654                    /usr/lib/jvm/java-7-openjdk-amd64/jre/lib/amd64/xawt/libmawt.so
7f181b5b3000-7f181b5b4000 r--p 00047000 08:18 2377654                    /usr/lib/jvm/java-7-openjdk-amd64/jre/lib/amd64/xawt/libmawt.so
7f181b5b4000-7f181b5b7000 rw-p 00048000 08:18 2377654                    /usr/lib/jvm/java-7-openjdk-amd64/jre/lib/amd64/xawt/libmawt.so
7f181b5b7000-7f181b5b8000 rw-p 00000000 00:00 0 
7f181b5b8000-7f181b658000 r-xp 00000000 08:18 2377700                    /usr/lib/jvm/java-7-openjdk-amd64/jre/lib/amd64/libawt.so
7f181b658000-7f181b858000 ---p 000a0000 08:18 2377700                    /usr/lib/jvm/java-7-openjdk-amd64/jre/lib/amd64/libawt.so
7f181b858000-7f181b859000 r--p 000a0000 08:18 2377700                    /usr/lib/jvm/java-7-openjdk-amd64/jre/lib/amd64/libawt.so
7f181b859000-7f181b864000 rw-p 000a1000 08:18 2377700                    /usr/lib/jvm/java-7-openjdk-amd64/jre/lib/amd64/libawt.so
7f181b864000-7f181b889000 rw-p 00000000 00:00 0 
7f181b889000-7f181b8f8000 r-xp 00000000 08:18 6209576                    /tmp/libgdxlezli/b4a54a2/libgdx64.so
7f181b8f8000-7f181baf7000 ---p 0006f000 08:18 6209576                    /tmp/libgdxlezli/b4a54a2/libgdx64.so
7f181baf7000-7f181baf9000 r--p 0006e000 08:18 6209576                    /tmp/libgdxlezli/b4a54a2/libgdx64.so
7f181baf9000-7f181bafa000 rw-p 00070000 08:18 6209576                    /tmp/libgdxlezli/b4a54a2/libgdx64.so
7f181bafa000-7f181bafb000 rw-p 00000000 00:00 0 
7f181bafb000-7f181bafc000 ---p 00000000 00:00 0 
7f181bafc000-7f181bbfc000 rw-p 00000000 00:00 0                          [stack:9179]
7f181bbfc000-7f181bbff000 ---p 00000000 00:00 0 
7f181bbff000-7f181bcfd000 rw-p 00000000 00:00 0                          [stack:9178]
7f181bcfd000-7f181bd00000 ---p 00000000 00:00 0 
7f181bd00000-7f181bdfe000 rw-p 00000000 00:00 0                          [stack:9177]
7f181bdfe000-7f181be01000 ---p 00000000 00:00 0 
7f181be01000-7f181beff000 rw-p 00000000 00:00 0                          [stack:9176]
7f181beff000-7f181bf02000 ---p 00000000 00:00 0 
7f181bf02000-7f181c000000 rw-p 00000000 00:00 0                          [stack:9175]
7f181c000000-7f181c021000 rw-p 00000000 00:00 0 
7f181c021000-7f1820000000 ---p 00000000 00:00 0 
7f1820000000-7f1820001000 rw-s efd61000 00:05 14659                      /dev/nvidia0
7f1820001000-7f1820021000 rw-s 3a3b71000 00:05 14659                     /dev/nvidia0
7f1820021000-7f1820022000 rw-s efd61000 00:05 14659                      /dev/nvidia0
7f1820022000-7f1820042000 rw-s 3232f9000 00:05 14659                     /dev/nvidia0
7f1820042000-7f1820043000 rw-s f6642000 00:05 14659                      /dev/nvidia0
7f1820043000-7f1820044000 rw-s 3814cc000 00:05 14659                     /dev/nvidia0
7f1820044000-7f1820045000 rw-s f6641000 00:05 14659                      /dev/nvidia0
7f1820045000-7f1820046000 rw-s 3884cd000 00:05 14659                     /dev/nvidia0
7f1820046000-7f1820047000 rw-s 404176000 00:05 14659                     /dev/nvidia0
7f1820047000-7f1820048000 rw-s f6060000 00:05 14659                      /dev/nvidia0
7f1820048000-7f182004b000 ---p 00000000 00:00 0 
7f182004b000-7f1820081000 rw-p 00000000 00:00 0                          [stack:9187]
7f1820081000-7f1820088000 r--s 00000000 08:18 1853667                    /usr/lib/x86_64-linux-gnu/gconv/gconv-modules.cache
7f1820088000-7f1820091000 r--s 000b9000 08:18 2378601                    /usr/lib/jvm/java-7-openjdk-amd64/jre/lib/resources.jar
7f1820091000-7f18200a2000 r--s 0012b000 08:03 9962081                    /media/lezli/Data Ubi/workspace/HexEngine/HexEngine-desktop/libs/gdx-backend-lwjgl.jar
7f18200a2000-7f18200a7000 r--s 00042000 08:03 9962100                    /media/lezli/Data Ubi/workspace/HexEngine/HexEngine/libs/luaj-jse-2.0.3.jar
7f18200a7000-7f18208fc000 r--p 00000000 08:18 1812285                    /usr/lib/locale/locale-archive
7f18208fc000-7f18208ff000 ---p 00000000 00:00 0 
7f18208ff000-7f18209fd000 rw-p 00000000 00:00 0                          [stack:9174]
7f18209fd000-7f1820a00000 ---p 00000000 00:00 0 
7f1820a00000-7f1820afe000 rw-p 00000000 00:00 0                          [stack:9173]
7f1820afe000-7f1820aff000 ---p 00000000 00:00 0 
7f1820aff000-7f182286b000 rw-p 00000000 00:00 0                          [stack:9172]
7f182286b000-7f1822a1c000 r--s 01d21000 08:18 2377732                    /usr/lib/jvm/java-7-openjdk-amd64/jre/lib/rt.jar
7f1822a1c000-7f1823363000 rw-p 00000000 00:00 0 
7f1823363000-7f1823364000 ---p 00000000 00:00 0 
7f1823364000-7f1823464000 rw-p 00000000 00:00 0                          [stack:9171]
7f1823464000-7f1823465000 ---p 00000000 00:00 0 
7f1823465000-7f1823565000 rw-p 00000000 00:00 0                          [stack:9170]
7f1823565000-7f1823566000 ---p 00000000 00:00 0 
7f1823566000-7f1823666000 rw-p 00000000 00:00 0                          [stack:9169]
7f1823666000-7f1823667000 ---p 00000000 00:00 0 
7f1823667000-7f1823767000 rw-p 00000000 00:00 0                          [stack:9168]
7f1823767000-7f1823768000 ---p 00000000 00:00 0 
7f1823768000-7f1823868000 rw-p 00000000 00:00 0                          [stack:9167]
7f1823868000-7f1823869000 ---p 00000000 00:00 0 
7f1823869000-7f1823969000 rw-p 00000000 00:00 0                          [stack:9166]
7f1823969000-7f182396a000 ---p 00000000 00:00 0 
7f182396a000-7f1823abe000 rw-p 00000000 00:00 0                          [stack:9165]
7f1823abe000-7f1823fa0000 rw-p 00000000 00:00 0 
7f1823fa0000-7f1823fab000 rw-p 00000000 00:00 0 
7f1823fab000-7f1823ff3000 rw-p 00000000 00:00 0 
7f1823ff3000-7f1824047000 rw-p 00000000 00:00 0 
7f1824047000-7f1824529000 rw-p 00000000 00:00 0 
7f1824529000-7f1824553000 rw-p 00000000 00:00 0 
7f1824553000-7f18247c4000 rw-p 00000000 00:00 0 
7f18247c4000-7f18247c5000 rw-p 00000000 00:00 0 
7f18247c5000-7f1824a35000 rwxp 00000000 00:00 0 
7f1824a35000-7f18277c5000 rw-p 00000000 00:00 0 
7f18277c5000-7f18277cd000 r-xp 00000000 08:18 2377693                    /usr/lib/jvm/java-7-openjdk-amd64/jre/lib/amd64/libzip.so
7f18277cd000-7f18279cc000 ---p 00008000 08:18 2377693                    /usr/lib/jvm/java-7-openjdk-amd64/jre/lib/amd64/libzip.so
7f18279cc000-7f18279cd000 r--p 00007000 08:18 2377693                    /usr/lib/jvm/java-7-openjdk-amd64/jre/lib/amd64/libzip.so
7f18279cd000-7f18279ce000 rw-p 00008000 08:18 2377693                    /usr/lib/jvm/java-7-openjdk-amd64/jre/lib/amd64/libzip.so
7f18279ce000-7f18279d9000 r-xp 00000000 08:18 2605248                    /lib/x86_64-linux-gnu/libnss_files-2.19.so
7f18279d9000-7f1827bd8000 ---p 0000b000 08:18 2605248                    /lib/x86_64-linux-gnu/libnss_files-2.19.so
7f1827bd8000-7f1827bd9000 r--p 0000a000 08:18 2605248                    /lib/x86_64-linux-gnu/libnss_files-2.19.so
7f1827bd9000-7f1827bda000 rw-p 0000b000 08:18 2605248                    /lib/x86_64-linux-gnu/libnss_files-2.19.so
7f1827bda000-7f1827be5000 r-xp 00000000 08:18 2605232                    /lib/x86_64-linux-gnu/libnss_nis-2.19.so
7f1827be5000-7f1827de4000 ---p 0000b000 08:18 2605232                    /lib/x86_64-linux-gnu/libnss_nis-2.19.so
7f1827de4000-7f1827de5000 r--p 0000a000 08:18 2605232                    /lib/x86_64-linux-gnu/libnss_nis-2.19.so
7f1827de5000-7f1827de6000 rw-p 0000b000 08:18 2605232                    /lib/x86_64-linux-gnu/libnss_nis-2.19.so
7f1827de6000-7f1827dfd000 r-xp 00000000 08:18 2605250                    /lib/x86_64-linux-gnu/libnsl-2.19.so
7f1827dfd000-7f1827ffc000 ---p 00017000 08:18 2605250                    /lib/x86_64-linux-gnu/libnsl-2.19.so
7f1827ffc000-7f1827ffd000 r--p 00016000 08:18 2605250                    /lib/x86_64-linux-gnu/libnsl-2.19.so
7f1827ffd000-7f1827ffe000 rw-p 00017000 08:18 2605250                    /lib/x86_64-linux-gnu/libnsl-2.19.so
7f1827ffe000-7f1828000000 rw-p 00000000 00:00 0 
7f1828000000-7f1828317000 rw-p 00000000 00:00 0 
7f1828317000-7f182c000000 ---p 00000000 00:00 0 
7f182c000000-7f182c001000 r--s 00127000 08:03 9962082                    /media/lezli/Data Ubi/workspace/HexEngine/HexEngine-desktop/libs/gdx-natives.jar
7f182c001000-7f182c04a000 rw-p 00000000 00:00 0 
7f182c04a000-7f182c04b000 ---p 00000000 00:00 0 
7f182c04b000-7f182c156000 rw-p 00000000 00:00 0                          [stack:9164]
7f182c156000-7f182c19e000 rw-p 00000000 00:00 0 
7f182c19e000-7f182c1a7000 r-xp 00000000 08:18 2605243                    /lib/x86_64-linux-gnu/libnss_compat-2.19.so
7f182c1a7000-7f182c3a6000 ---p 00009000 08:18 2605243                    /lib/x86_64-linux-gnu/libnss_compat-2.19.so
7f182c3a6000-7f182c3a7000 r--p 00008000 08:18 2605243                    /lib/x86_64-linux-gnu/libnss_compat-2.19.so
7f182c3a7000-7f182c3a8000 rw-p 00009000 08:18 2605243                    /lib/x86_64-linux-gnu/libnss_compat-2.19.so
7f182c3a8000-7f182c3d3000 r-xp 00000000 08:18 2377716                    /usr/lib/jvm/java-7-openjdk-amd64/jre/lib/amd64/libjava.so
7f182c3d3000-7f182c5d3000 ---p 0002b000 08:18 2377716                    /usr/lib/jvm/java-7-openjdk-amd64/jre/lib/amd64/libjava.so
7f182c5d3000-7f182c5d4000 r--p 0002b000 08:18 2377716                    /usr/lib/jvm/java-7-openjdk-amd64/jre/lib/amd64/libjava.so
7f182c5d4000-7f182c5d6000 rw-p 0002c000 08:18 2377716                    /usr/lib/jvm/java-7-openjdk-amd64/jre/lib/amd64/libjava.so
7f182c5d6000-7f182c5e6000 r-xp 00000000 08:18 2377702                    /usr/lib/jvm/java-7-openjdk-amd64/jre/lib/amd64/libverify.so
7f182c5e6000-7f182c7e5000 ---p 00010000 08:18 2377702                    /usr/lib/jvm/java-7-openjdk-amd64/jre/lib/amd64/libverify.so
7f182c7e5000-7f182c7e7000 r--p 0000f000 08:18 2377702                    /usr/lib/jvm/java-7-openjdk-amd64/jre/lib/amd64/libverify.so
7f182c7e7000-7f182c7e8000 rw-p 00011000 08:18 2377702                    /usr/lib/jvm/java-7-openjdk-amd64/jre/lib/amd64/libverify.so
7f182c7e8000-7f182c7ef000 r-xp 00000000 08:18 2605246                    /lib/x86_64-linux-gnu/librt-2.19.so
7f182c7ef000-7f182c9ee000 ---p 00007000 08:18 2605246                    /lib/x86_64-linux-gnu/librt-2.19.so
7f182c9ee000-7f182c9ef000 r--p 00006000 08:18 2605246                    /lib/x86_64-linux-gnu/librt-2.19.so
7f182c9ef000-7f182c9f0000 rw-p 00007000 08:18 2605246                    /lib/x86_64-linux-gnu/librt-2.19.so
7f182c9f0000-7f182ca06000 r-xp 00000000 08:18 2607832                    /lib/x86_64-linux-gnu/libgcc_s.so.1
7f182ca06000-7f182cc05000 ---p 00016000 08:18 2607832                    /lib/x86_64-linux-gnu/libgcc_s.so.1
7f182cc05000-7f182cc06000 rw-p 00015000 08:18 2607832                    /lib/x86_64-linux-gnu/libgcc_s.so.1
7f182cc06000-7f182cd0b000 r-xp 00000000 08:18 2605247                    /lib/x86_64-linux-gnu/libm-2.19.so
7f182cd0b000-7f182cf0a000 ---p 00105000 08:18 2605247                    /lib/x86_64-linux-gnu/libm-2.19.so
7f182cf0a000-7f182cf0b000 r--p 00104000 08:18 2605247                    /lib/x86_64-linux-gnu/libm-2.19.so
7f182cf0b000-7f182cf0c000 rw-p 00105000 08:18 2605247                    /lib/x86_64-linux-gnu/libm-2.19.so
7f182cf0c000-7f182cff2000 r-xp 00000000 08:18 1814076                    /usr/lib/x86_64-linux-gnu/libstdc++.so.6.0.19
7f182cff2000-7f182d1f1000 ---p 000e6000 08:18 1814076                    /usr/lib/x86_64-linux-gnu/libstdc++.so.6.0.19
7f182d1f1000-7f182d1f9000 r--p 000e5000 08:18 1814076                    /usr/lib/x86_64-linux-gnu/libstdc++.so.6.0.19
7f182d1f9000-7f182d1fb000 rw-p 000ed000 08:18 1814076                    /usr/lib/x86_64-linux-gnu/libstdc++.so.6.0.19
7f182d1fb000-7f182d210000 rw-p 00000000 00:00 0 
7f182d210000-7f182dd26000 r-xp 00000000 08:18 2377695                    /usr/lib/jvm/java-7-openjdk-amd64/jre/lib/amd64/server/libjvm.so
7f182dd26000-7f182df25000 ---p 00b16000 08:18 2377695                    /usr/lib/jvm/java-7-openjdk-amd64/jre/lib/amd64/server/libjvm.so
7f182df25000-7f182dfbf000 r--p 00b15000 08:18 2377695                    /usr/lib/jvm/java-7-openjdk-amd64/jre/lib/amd64/server/libjvm.so
7f182dfbf000-7f182dfe2000 rw-p 00baf000 08:18 2377695                    /usr/lib/jvm/java-7-openjdk-amd64/jre/lib/amd64/server/libjvm.so
7f182dfe2000-7f182e010000 rw-p 00000000 00:00 0 
7f182e010000-7f182e028000 r-xp 00000000 08:18 2607968                    /lib/x86_64-linux-gnu/libz.so.1.2.8
7f182e028000-7f182e227000 ---p 00018000 08:18 2607968                    /lib/x86_64-linux-gnu/libz.so.1.2.8
7f182e227000-7f182e228000 r--p 00017000 08:18 2607968                    /lib/x86_64-linux-gnu/libz.so.1.2.8
7f182e228000-7f182e229000 rw-p 00018000 08:18 2607968                    /lib/x86_64-linux-gnu/libz.so.1.2.8
7f182e229000-7f182e242000 r-xp 00000000 08:18 2605253                    /lib/x86_64-linux-gnu/libpthread-2.19.so
7f182e242000-7f182e441000 ---p 00019000 08:18 2605253                    /lib/x86_64-linux-gnu/libpthread-2.19.so
7f182e441000-7f182e442000 r--p 00018000 08:18 2605253                    /lib/x86_64-linux-gnu/libpthread-2.19.so
7f182e442000-7f182e443000 rw-p 00019000 08:18 2605253                    /lib/x86_64-linux-gnu/libpthread-2.19.so
7f182e443000-7f182e447000 rw-p 00000000 00:00 0 
7f182e447000-7f182e44a000 r-xp 00000000 08:18 2605240                    /lib/x86_64-linux-gnu/libdl-2.19.so
7f182e44a000-7f182e649000 ---p 00003000 08:18 2605240                    /lib/x86_64-linux-gnu/libdl-2.19.so
7f182e649000-7f182e64a000 r--p 00002000 08:18 2605240                    /lib/x86_64-linux-gnu/libdl-2.19.so
7f182e64a000-7f182e64b000 rw-p 00003000 08:18 2605240                    /lib/x86_64-linux-gnu/libdl-2.19.so
7f182e64b000-7f182e807000 r-xp 00000000 08:18 2605251                    /lib/x86_64-linux-gnu/libc-2.19.so
7f182e807000-7f182ea06000 ---p 001bc000 08:18 2605251                    /lib/x86_64-linux-gnu/libc-2.19.so
7f182ea06000-7f182ea0a000 r--p 001bb000 08:18 2605251                    /lib/x86_64-linux-gnu/libc-2.19.so
7f182ea0a000-7f182ea0c000 rw-p 001bf000 08:18 2605251                    /lib/x86_64-linux-gnu/libc-2.19.so
7f182ea0c000-7f182ea11000 rw-p 00000000 00:00 0 
7f182ea11000-7f182ea1e000 r-xp 00000000 08:18 2377710                    /usr/lib/jvm/java-7-openjdk-amd64/jre/lib/amd64/jli/libjli.so
7f182ea1e000-7f182ec1d000 ---p 0000d000 08:18 2377710                    /usr/lib/jvm/java-7-openjdk-amd64/jre/lib/amd64/jli/libjli.so
7f182ec1d000-7f182ec1e000 r--p 0000c000 08:18 2377710                    /usr/lib/jvm/java-7-openjdk-amd64/jre/lib/amd64/jli/libjli.so
7f182ec1e000-7f182ec1f000 rw-p 0000d000 08:18 2377710                    /usr/lib/jvm/java-7-openjdk-amd64/jre/lib/amd64/jli/libjli.so
7f182ec1f000-7f182ec42000 r-xp 00000000 08:18 2605239                    /lib/x86_64-linux-gnu/ld-2.19.so
7f182ec42000-7f182ec44000 r--s 001a1000 08:03 9962079                    /media/lezli/Data Ubi/workspace/HexEngine/HexEngine-desktop/libs/gdx-backend-lwjgl-natives.jar
7f182ec44000-7f182ec5a000 r--s 00154000 08:03 9962098                    /media/lezli/Data Ubi/workspace/HexEngine/HexEngine/libs/gdx.jar
7f182ec5a000-7f182ec64000 rw-p 00000000 00:00 0 
7f182ec64000-7f182ed1a000 rw-p 00000000 00:00 0 
7f182ed1a000-7f182ed1d000 ---p 00000000 00:00 0 
7f182ed1d000-7f182ee20000 rw-p 00000000 00:00 0                          [stack:9163]
7f182ee20000-7f182ee23000 r--s 00010000 08:03 9962099                    /media/lezli/Data Ubi/workspace/HexEngine/HexEngine/libs/jeval.jar
7f182ee23000-7f182ee25000 r--s 00006000 08:18 1863518                    /usr/share/java/java-atk-wrapper.jar
7f182ee25000-7f182ee29000 r--s 00085000 08:18 2378603                    /usr/lib/jvm/java-7-openjdk-amd64/jre/lib/ext/localedata.jar
7f182ee29000-7f182ee2b000 r--s 00012000 08:18 2378607                    /usr/lib/jvm/java-7-openjdk-amd64/jre/lib/ext/zipfs.jar
7f182ee2b000-7f182ee2e000 r--s 0000f000 08:18 2378605                    /usr/lib/jvm/java-7-openjdk-amd64/jre/lib/ext/pulse-java.jar
7f182ee2e000-7f182ee31000 r--s 00032000 08:18 2378604                    /usr/lib/jvm/java-7-openjdk-amd64/jre/lib/ext/sunjce_provider.jar
7f182ee31000-7f182ee34000 r--s 0003c000 08:18 2378602                    /usr/lib/jvm/java-7-openjdk-amd64/jre/lib/ext/sunpkcs11.jar
7f182ee34000-7f182ee35000 r--s 00002000 08:18 2378606                    /usr/lib/jvm/java-7-openjdk-amd64/jre/lib/ext/dnsns.jar
7f182ee35000-7f182ee3d000 rw-s 00000000 08:18 6209913                    /tmp/hsperfdata_lezli/9158
7f182ee3d000-7f182ee3e000 rw-p 00000000 00:00 0 
7f182ee3e000-7f182ee3f000 r--p 00000000 00:00 0 
7f182ee3f000-7f182ee41000 rw-p 00000000 00:00 0 
7f182ee41000-7f182ee42000 r--p 00022000 08:18 2605239                    /lib/x86_64-linux-gnu/ld-2.19.so
7f182ee42000-7f182ee43000 rw-p 00023000 08:18 2605239                    /lib/x86_64-linux-gnu/ld-2.19.so
7f182ee43000-7f182ee44000 rw-p 00000000 00:00 0 
7fffc4c15000-7fffc4c36000 rw-p 00000000 00:00 0                          [stack]
7fffc4dfe000-7fffc4e00000 r-xp 00000000 00:00 0                          [vdso]
ffffffffff600000-ffffffffff601000 r-xp 00000000 00:00 0                  [vsyscall]

VM Arguments:
jvm_args: -Dfile.encoding=UTF-8 
java_command: lezli.hexengine.Main
Launcher Type: SUN_STANDARD

Environment Variables:
PATH=/usr/local/sbin:/usr/local/bin:/usr/sbin:/usr/bin:/sbin:/bin:/usr/games:/usr/local/games
SHELL=/bin/bash
DISPLAY=:0.0

Signal Handlers:
SIGSEGV: [libjvm.so+0x949220], sa_mask[0]=0x7ffbfeff, sa_flags=0x10000004
SIGBUS: [libjvm.so+0x949220], sa_mask[0]=0x7ffbfeff, sa_flags=0x10000004
SIGFPE: [libjvm.so+0x7c2e80], sa_mask[0]=0x7ffbfeff, sa_flags=0x10000004
SIGPIPE: [libjvm.so+0x7c2e80], sa_mask[0]=0x7ffbfeff, sa_flags=0x10000004
SIGXFSZ: [libjvm.so+0x7c2e80], sa_mask[0]=0x7ffbfeff, sa_flags=0x10000004
SIGILL: [libjvm.so+0x7c2e80], sa_mask[0]=0x7ffbfeff, sa_flags=0x10000004
SIGUSR1: SIG_DFL, sa_mask[0]=0x00000000, sa_flags=0x00000000
SIGUSR2: [libjvm.so+0x7c2d20], sa_mask[0]=0x00000004, sa_flags=0x10000004
SIGHUP: [libjvm.so+0x7c2f00], sa_mask[0]=0x7ffbfeff, sa_flags=0x10000004
SIGINT: [libjvm.so+0x7c2f00], sa_mask[0]=0x7ffbfeff, sa_flags=0x10000004
SIGTERM: [libjvm.so+0x7c2f00], sa_mask[0]=0x7ffbfeff, sa_flags=0x10000004
SIGQUIT: [libjvm.so+0x7c2f00], sa_mask[0]=0x7ffbfeff, sa_flags=0x10000004
SIGTRAP: SIG_DFL, sa_mask[0]=0x00000000, sa_flags=0x00000000


---------------  S Y S T E M  ---------------

OS:Ubuntu 14.04 (trusty)
uname:Linux 3.13.0-34-generic #60-Ubuntu SMP Wed Aug 13 15:45:27 UTC 2014 x86_64
libc:glibc 2.19 NPTL 2.19 
rlimit: STACK 8192k, CORE 0k, NPROC 127458, NOFILE 4096, AS infinity
load average:0,07 0,39 0,43

/proc/meminfo:
MemTotal:       16384228 kB
MemFree:        12054628 kB
Buffers:          157600 kB
Cached:          1382732 kB
SwapCached:            0 kB
Active:          2817772 kB
Inactive:        1103552 kB
Active(anon):    2382416 kB
Inactive(anon):    65256 kB
Active(file):     435356 kB
Inactive(file):  1038296 kB
Unevictable:         104 kB
Mlocked:             104 kB
SwapTotal:        976892 kB
SwapFree:         976892 kB
Dirty:              1220 kB
Writeback:             0 kB
AnonPages:       2381316 kB
Mapped:           373964 kB
Shmem:             66592 kB
Slab:             135540 kB
SReclaimable:      91356 kB
SUnreclaim:        44184 kB
KernelStack:        4976 kB
PageTables:        44100 kB
NFS_Unstable:          0 kB
Bounce:                0 kB
WritebackTmp:          0 kB
CommitLimit:     9169004 kB
Committed_AS:    6867816 kB
VmallocTotal:   34359738367 kB
VmallocUsed:      139400 kB
VmallocChunk:   34359593404 kB
HardwareCorrupted:     0 kB
AnonHugePages:   1011712 kB
HugePages_Total:       0
HugePages_Free:        0
HugePages_Rsvd:        0
HugePages_Surp:        0
Hugepagesize:       2048 kB
DirectMap4k:      294508 kB
DirectMap2M:     6995968 kB
DirectMap1G:     9437184 kB


CPU:total 8 (4 cores per cpu, 2 threads per core) family 6 model 60 stepping 3, cmov, cx8, fxsr, mmx, sse, sse2, sse3, ssse3, sse4.1, sse4.2, popcnt, avx, avx2, aes, erms, ht, tsc, tscinvbit

/proc/cpuinfo:
processor	: 0
vendor_id	: GenuineIntel
cpu family	: 6
model		: 60
model name	: Intel(R) Core(TM) i7-4770 CPU @ 3.40GHz
stepping	: 3
microcode	: 0x9
cpu MHz		: 1000.000
cache size	: 8192 KB
physical id	: 0
siblings	: 8
core id		: 0
cpu cores	: 4
apicid		: 0
initial apicid	: 0
fpu		: yes
fpu_exception	: yes
cpuid level	: 13
wp		: yes
flags		: fpu vme de pse tsc msr pae mce cx8 apic sep mtrr pge mca cmov pat pse36 clflush dts acpi mmx fxsr sse sse2 ss ht tm pbe syscall nx pdpe1gb rdtscp lm constant_tsc arch_perfmon pebs bts rep_good nopl xtopology nonstop_tsc aperfmperf eagerfpu pni pclmulqdq dtes64 monitor ds_cpl vmx smx est tm2 ssse3 fma cx16 xtpr pdcm pcid sse4_1 sse4_2 x2apic movbe popcnt tsc_deadline_timer aes xsave avx f16c rdrand lahf_lm abm ida arat epb xsaveopt pln pts dtherm tpr_shadow vnmi flexpriority ept vpid fsgsbase tsc_adjust bmi1 hle avx2 smep bmi2 erms invpcid rtm
bogomips	: 6784.45
clflush size	: 64
cache_alignment	: 64
address sizes	: 39 bits physical, 48 bits virtual
power management:

processor	: 1
vendor_id	: GenuineIntel
cpu family	: 6
model		: 60
model name	: Intel(R) Core(TM) i7-4770 CPU @ 3.40GHz
stepping	: 3
microcode	: 0x9
cpu MHz		: 800.000
cache size	: 8192 KB
physical id	: 0
siblings	: 8
core id		: 1
cpu cores	: 4
apicid		: 2
initial apicid	: 2
fpu		: yes
fpu_exception	: yes
cpuid level	: 13
wp		: yes
flags		: fpu vme de pse tsc msr pae mce cx8 apic sep mtrr pge mca cmov pat pse36 clflush dts acpi mmx fxsr sse sse2 ss ht tm pbe syscall nx pdpe1gb rdtscp lm constant_tsc arch_perfmon pebs bts rep_good nopl xtopology nonstop_tsc aperfmperf eagerfpu pni pclmulqdq dtes64 monitor ds_cpl vmx smx est tm2 ssse3 fma cx16 xtpr pdcm pcid sse4_1 sse4_2 x2apic movbe popcnt tsc_deadline_timer aes xsave avx f16c rdrand lahf_lm abm ida arat epb xsaveopt pln pts dtherm tpr_shadow vnmi flexpriority ept vpid fsgsbase tsc_adjust bmi1 hle avx2 smep bmi2 erms invpcid rtm
bogomips	: 6784.45
clflush size	: 64
cache_alignment	: 64
address sizes	: 39 bits physical, 48 bits virtual
power management:

processor	: 2
vendor_id	: GenuineIntel
cpu family	: 6
model		: 60
model name	: Intel(R) Core(TM) i7-4770 CPU @ 3.40GHz
stepping	: 3
microcode	: 0x9
cpu MHz		: 800.000
cache size	: 8192 KB
physical id	: 0
siblings	: 8
core id		: 2
cpu cores	: 4
apicid		: 4
initial apicid	: 4
fpu		: yes
fpu_exception	: yes
cpuid level	: 13
wp		: yes
flags		: fpu vme de pse tsc msr pae mce cx8 apic sep mtrr pge mca cmov pat pse36 clflush dts acpi mmx fxsr sse sse2 ss ht tm pbe syscall nx pdpe1gb rdtscp lm constant_tsc arch_perfmon pebs bts rep_good nopl xtopology nonstop_tsc aperfmperf eagerfpu pni pclmulqdq dtes64 monitor ds_cpl vmx smx est tm2 ssse3 fma cx16 xtpr pdcm pcid sse4_1 sse4_2 x2apic movbe popcnt tsc_deadline_timer aes xsave avx f16c rdrand lahf_lm abm ida arat epb xsaveopt pln pts dtherm tpr_shadow vnmi flexpriority ept vpid fsgsbase tsc_adjust bmi1 hle avx2 smep bmi2 erms invpcid rtm
bogomips	: 6784.45
clflush size	: 64
cache_alignment	: 64
address sizes	: 39 bits physical, 48 bits virtual
power management:

processor	: 3
vendor_id	: GenuineIntel
cpu family	: 6
model		: 60
model name	: Intel(R) Core(TM) i7-4770 CPU @ 3.40GHz
stepping	: 3
microcode	: 0x9
cpu MHz		: 800.000
cache size	: 8192 KB
physical id	: 0
siblings	: 8
core id		: 3
cpu cores	: 4
apicid		: 6
initial apicid	: 6
fpu		: yes
fpu_exception	: yes
cpuid level	: 13
wp		: yes
flags		: fpu vme de pse tsc msr pae mce cx8 apic sep mtrr pge mca cmov pat pse36 clflush dts acpi mmx fxsr sse sse2 ss ht tm pbe syscall nx pdpe1gb rdtscp lm constant_tsc arch_perfmon pebs bts rep_good nopl xtopology nonstop_tsc aperfmperf eagerfpu pni pclmulqdq dtes64 monitor ds_cpl vmx smx est tm2 ssse3 fma cx16 xtpr pdcm pcid sse4_1 sse4_2 x2apic movbe popcnt tsc_deadline_timer aes xsave avx f16c rdrand lahf_lm abm ida arat epb xsaveopt pln pts dtherm tpr_shadow vnmi flexpriority ept vpid fsgsbase tsc_adjust bmi1 hle avx2 smep bmi2 erms invpcid rtm
bogomips	: 6784.45
clflush size	: 64
cache_alignment	: 64
address sizes	: 39 bits physical, 48 bits virtual
power management:

processor	: 4
vendor_id	: GenuineIntel
cpu family	: 6
model		: 60
model name	: Intel(R) Core(TM) i7-4770 CPU @ 3.40GHz
stepping	: 3
microcode	: 0x9
cpu MHz		: 800.000
cache size	: 8192 KB
physical id	: 0
siblings	: 8
core id		: 0
cpu cores	: 4
apicid		: 1
initial apicid	: 1
fpu		: yes
fpu_exception	: yes
cpuid level	: 13
wp		: yes
flags		: fpu vme de pse tsc msr pae mce cx8 apic sep mtrr pge mca cmov pat pse36 clflush dts acpi mmx fxsr sse sse2 ss ht tm pbe syscall nx pdpe1gb rdtscp lm constant_tsc arch_perfmon pebs bts rep_good nopl xtopology nonstop_tsc aperfmperf eagerfpu pni pclmulqdq dtes64 monitor ds_cpl vmx smx est tm2 ssse3 fma cx16 xtpr pdcm pcid sse4_1 sse4_2 x2apic movbe popcnt tsc_deadline_timer aes xsave avx f16c rdrand lahf_lm abm ida arat epb xsaveopt pln pts dtherm tpr_shadow vnmi flexpriority ept vpid fsgsbase tsc_adjust bmi1 hle avx2 smep bmi2 erms invpcid rtm
bogomips	: 6784.45
clflush size	: 64
cache_alignment	: 64
address sizes	: 39 bits physical, 48 bits virtual
power management:

processor	: 5
vendor_id	: GenuineIntel
cpu family	: 6
model		: 60
model name	: Intel(R) Core(TM) i7-4770 CPU @ 3.40GHz
stepping	: 3
microcode	: 0x9
cpu MHz		: 3401.000
cache size	: 8192 KB
physical id	: 0
siblings	: 8
core id		: 1
cpu cores	: 4
apicid		: 3
initial apicid	: 3
fpu		: yes
fpu_exception	: yes
cpuid level	: 13
wp		: yes
flags		: fpu vme de pse tsc msr pae mce cx8 apic sep mtrr pge mca cmov pat pse36 clflush dts acpi mmx fxsr sse sse2 ss ht tm pbe syscall nx pdpe1gb rdtscp lm constant_tsc arch_perfmon pebs bts rep_good nopl xtopology nonstop_tsc aperfmperf eagerfpu pni pclmulqdq dtes64 monitor ds_cpl vmx smx est tm2 ssse3 fma cx16 xtpr pdcm pcid sse4_1 sse4_2 x2apic movbe popcnt tsc_deadline_timer aes xsave avx f16c rdrand lahf_lm abm ida arat epb xsaveopt pln pts dtherm tpr_shadow vnmi flexpriority ept vpid fsgsbase tsc_adjust bmi1 hle avx2 smep bmi2 erms invpcid rtm
bogomips	: 6784.45
clflush size	: 64
cache_alignment	: 64
address sizes	: 39 bits physical, 48 bits virtual
power management:

processor	: 6
vendor_id	: GenuineIntel
cpu family	: 6
model		: 60
model name	: Intel(R) Core(TM) i7-4770 CPU @ 3.40GHz
stepping	: 3
microcode	: 0x9
cpu MHz		: 800.000
cache size	: 8192 KB
physical id	: 0
siblings	: 8
core id		: 2
cpu cores	: 4
apicid		: 5
initial apicid	: 5
fpu		: yes
fpu_exception	: yes
cpuid level	: 13
wp		: yes
flags		: fpu vme de pse tsc msr pae mce cx8 apic sep mtrr pge mca cmov pat pse36 clflush dts acpi mmx fxsr sse sse2 ss ht tm pbe syscall nx pdpe1gb rdtscp lm constant_tsc arch_perfmon pebs bts rep_good nopl xtopology nonstop_tsc aperfmperf eagerfpu pni pclmulqdq dtes64 monitor ds_cpl vmx smx est tm2 ssse3 fma cx16 xtpr pdcm pcid sse4_1 sse4_2 x2apic movbe popcnt tsc_deadline_timer aes xsave avx f16c rdrand lahf_lm abm ida arat epb xsaveopt pln pts dtherm tpr_shadow vnmi flexpriority ept vpid fsgsbase tsc_adjust bmi1 hle avx2 smep bmi2 erms invpcid rtm
bogomips	: 6784.45
clflush size	: 64
cache_alignment	: 64
address sizes	: 39 bits physical, 48 bits virtual
power management:

processor	: 7
vendor_id	: GenuineIntel
cpu family	: 6
model		: 60
model name	: Intel(R) Core(TM) i7-4770 CPU @ 3.40GHz
stepping	: 3
microcode	: 0x9
cpu MHz		: 800.000
cache size	: 8192 KB
physical id	: 0
siblings	: 8
core id		: 3
cpu cores	: 4
apicid		: 7
initial apicid	: 7
fpu		: yes
fpu_exception	: yes
cpuid level	: 13
wp		: yes
flags		: fpu vme de pse tsc msr pae mce cx8 apic sep mtrr pge mca cmov pat pse36 clflush dts acpi mmx fxsr sse sse2 ss ht tm pbe syscall nx pdpe1gb rdtscp lm constant_tsc arch_perfmon pebs bts rep_good nopl xtopology nonstop_tsc aperfmperf eagerfpu pni pclmulqdq dtes64 monitor ds_cpl vmx smx est tm2 ssse3 fma cx16 xtpr pdcm pcid sse4_1 sse4_2 x2apic movbe popcnt tsc_deadline_timer aes xsave avx f16c rdrand lahf_lm abm ida arat epb xsaveopt pln pts dtherm tpr_shadow vnmi flexpriority ept vpid fsgsbase tsc_adjust bmi1 hle avx2 smep bmi2 erms invpcid rtm
bogomips	: 6784.45
clflush size	: 64
cache_alignment	: 64
address sizes	: 39 bits physical, 48 bits virtual
power management:



Memory: 4k page, physical 16384228k(12054628k free), swap 976892k(976892k free)

vm_info: OpenJDK 64-Bit Server VM (24.65-b04) for linux-amd64 JRE (1.7.0_65-b32), built on Aug  1 2014 21:58:28 by "buildd" with gcc 4.8.2

time: Thu Aug 28 16:06:53 2014
elapsed time: 6 seconds

